1234567891011121314151617181920
1234567891011121314151617182019
1234567891011121314151617191820
1234567891011121314151617192018
1234567891011121314151617201918
1234567891011121314151618171920
1234567891011121314151618172019
1234567891011121314151618191720
1234567891011121314151618192017
1234567891011121314151618201917
1234567891011121314151619181720
1234567891011121314151619182017
1234567891011121314151619201817
1234567891011121314151620191817
1234567891011121314151716181920
1234567891011121314151716182019
1234567891011121314151716191820
1234567891011121314151716192018
1234567891011121314151716201918
1234567891011121314151718161920
